<?xml version="1.0" encoding="UTF-8"?>
<testsuite name="ru.stqa.pft.sandbox.PointTests" tests="2" skipped="0" failures="0" errors="0" timestamp="2018-04-13T09:39:43" hostname="home" time="0.001">
  <properties/>
  <testcase name="testArea" classname="ru.stqa.pft.sandbox.PointTests" time="0.0"/>
  <testcase name="testArea2" classname="ru.stqa.pft.sandbox.PointTests" time="0.0"/>
  <system-out><![CDATA[]]></system-out>
  <system-err><![CDATA[]]></system-err>
</testsuite>
