<?xml version="1.0" encoding="UTF-8"?>
<testsuite name="ru.stqa.pft.addressbook.tests.ContactDeletionTests" tests="3" skipped="3" failures="0" errors="0" timestamp="2018-04-04T09:43:35" hostname="home" time="0.0">
  <properties/>
  <testcase name="contactDelete" classname="ru.stqa.pft.addressbook.tests.ContactDeletionTests" time="0.0">
    <skipped/>
  </testcase>
  <testcase name="contactDeletionTV" classname="ru.stqa.pft.addressbook.tests.ContactDeletionTests" time="0.0">
    <skipped/>
  </testcase>
  <testcase name="testContactDeletionChB" classname="ru.stqa.pft.addressbook.tests.ContactDeletionTests" time="0.0">
    <skipped/>
  </testcase>
  <system-out><![CDATA[]]></system-out>
  <system-err><![CDATA[]]></system-err>
</testsuite>
