<?xml version="1.0" encoding="UTF-8"?>
<testsuite name="ru.stqa.pft.addressbook.tests.ContactModificationTests" tests="2" skipped="0" failures="0" errors="0" timestamp="2018-04-03T13:08:34" hostname="home" time="6.093">
  <properties/>
  <testcase name="testContactModification" classname="ru.stqa.pft.addressbook.tests.ContactModificationTests" time="2.831"/>
  <testcase name="testContactModificationTV" classname="ru.stqa.pft.addressbook.tests.ContactModificationTests" time="3.246"/>
  <system-out><![CDATA[]]></system-out>
  <system-err><![CDATA[]]></system-err>
</testsuite>
