<?xml version="1.0" encoding="UTF-8"?>
<testsuite name="ru.stqa.pft.addressbook.tests.ContactEmailTests" tests="1" skipped="0" failures="0" errors="0" timestamp="2018-04-03T13:08:41" hostname="home" time="0.422">
  <properties/>
  <testcase name="testContactEmail" classname="ru.stqa.pft.addressbook.tests.ContactEmailTests" time="0.422"/>
  <system-out><![CDATA[]]></system-out>
  <system-err><![CDATA[]]></system-err>
</testsuite>
