<?xml version="1.0" encoding="UTF-8"?>
<testsuite name="ru.stqa.pft.addressbook.tests.ContactDeletionTests" tests="3" skipped="0" failures="0" errors="0" timestamp="2018-04-03T13:08:28" hostname="home" time="5.85">
  <properties/>
  <testcase name="contactDelete" classname="ru.stqa.pft.addressbook.tests.ContactDeletionTests" time="1.756"/>
  <testcase name="contactDeletionTV" classname="ru.stqa.pft.addressbook.tests.ContactDeletionTests" time="2.077"/>
  <testcase name="testContactDeletionChB" classname="ru.stqa.pft.addressbook.tests.ContactDeletionTests" time="1.985"/>
  <system-out><![CDATA[]]></system-out>
  <system-err><![CDATA[]]></system-err>
</testsuite>
